This is pdfTeX, Version 3.14159265-2.6-1.40.15 (TeX Live 2014) (preloaded format=pdflatex 2014.9.15)  21 MAY 2015 15:22
entering extended mode
 restricted \write18 enabled.
 %&-line parsing enabled.
**Review.tex
(./Review.tex
LaTeX2e <2014/05/01>
Babel <3.9k> and hyphenation patterns for 78 languages loaded.
(/usr/local/texlive/2014/texmf-dist/tex/latex/base/article.cls
Document Class: article 2007/10/19 v1.4h Standard LaTeX document class
(/usr/local/texlive/2014/texmf-dist/tex/latex/base/size10.clo
File: size10.clo 2007/10/19 v1.4h Standard LaTeX file (size option)
)
\c@part=\count79
\c@section=\count80
\c@subsection=\count81
\c@subsubsection=\count82
\c@paragraph=\count83
\c@subparagraph=\count84
\c@figure=\count85
\c@table=\count86
\abovecaptionskip=\skip41
\belowcaptionskip=\skip42
\bibindent=\dimen102
)

LaTeX Warning: Unused global option(s):
    [14pt].

(./Review.aux)
\openout1 = `Review.aux'.

LaTeX Font Info:    Checking defaults for OML/cmm/m/it on input line 3.
LaTeX Font Info:    ... okay on input line 3.
LaTeX Font Info:    Checking defaults for T1/cmr/m/n on input line 3.
LaTeX Font Info:    ... okay on input line 3.
LaTeX Font Info:    Checking defaults for OT1/cmr/m/n on input line 3.
LaTeX Font Info:    ... okay on input line 3.
LaTeX Font Info:    Checking defaults for OMS/cmsy/m/n on input line 3.
LaTeX Font Info:    ... okay on input line 3.
LaTeX Font Info:    Checking defaults for OMX/cmex/m/n on input line 3.
LaTeX Font Info:    ... okay on input line 3.
LaTeX Font Info:    Checking defaults for U/cmr/m/n on input line 3.
LaTeX Font Info:    ... okay on input line 3.
LaTeX Font Info:    External font `cmex10' loaded for size
(Font)              <12> on input line 6.
LaTeX Font Info:    External font `cmex10' loaded for size
(Font)              <8> on input line 6.
LaTeX Font Info:    External font `cmex10' loaded for size
(Font)              <6> on input line 6.


LaTeX Warning: No \author given.

LaTeX Font Info:    Try loading font information for OMS+cmr on input line 14.
(/usr/local/texlive/2014/texmf-dist/tex/latex/base/omscmr.fd
File: omscmr.fd 1999/05/25 v2.5h Standard LaTeX font definitions
)
LaTeX Font Info:    Font shape `OMS/cmr/m/n' in size <10> not available
(Font)              Font shape `OMS/cmsy/m/n' tried instead on input line 14.
 [1

{/usr/local/texlive/2014/texmf-var/fonts/map/pdftex/updmap/pdftex.map}]
LaTeX Font Info:    External font `cmex10' loaded for size
(Font)              <7> on input line 33.
LaTeX Font Info:    External font `cmex10' loaded for size
(Font)              <5> on input line 33.
 [2] [3] [4] [5]
[6]
Overfull \hbox (1.13023pt too wide) in paragraph at lines 172--173
[]\OT1/cmr/m/n/10 Link pre-dic-tion can be per-formed based on prox-im-ity mea-
sures. Prox-
 []

[7] [8] [9] [10] [11]
Overfull \hbox (79.06355pt too wide) in paragraph at lines 279--280
\OT1/cmr/m/n/10 ing al-go-rithm. In $\OML/cmm/m/it/10 R$\OT1/cmr/m/n/10 , can b
e per-formed us-ing $\OML/cmm/m/it/10 igraph; RBGL; GraphClusteringAnalysis$
 []


Overfull \hbox (88.74619pt too wide) in paragraph at lines 287--288
[]\OT1/cmr/m/n/10 The al-go-rithm can be per-formed us-ing $\OML/cmm/m/it/10 R$
 \OT1/cmr/m/n/10 pack-ages $\OML/cmm/m/it/10 graph; GraphClusterAnalysis; RBGL$
\OT1/cmr/m/n/10 . 
 []


Overfull \hbox (89.88683pt too wide) in paragraph at lines 293--294
[]\OT1/cmr/m/n/10 Implemented in $\OML/cmm/m/it/10 R$ \OT1/cmr/m/n/10 us-ing pa
ck-ages $\OML/cmm/m/it/10 igraph; RBGL; GraphClusterAnalysis; graph; kernlab$\O
T1/cmr/m/n/10 . 
 []

[12]
Overfull \hbox (9.36171pt too wide) in paragraph at lines 300--301
[]\OT1/cmr/m/n/10 Overlapping (e.g., max-i-mal clique enu-mer-a-tion and ver-te
x betweenness-
 []

[13] [14] [15] (./Review.aux) ) 
Here is how much of TeX's memory you used:
 254 strings out of 493117
 2858 string characters out of 6135433
 59909 words of memory out of 5000000
 3787 multiletter control sequences out of 15000+600000
 8102 words of font info for 29 fonts, out of 8000000 for 9000
 1141 hyphenation exceptions out of 8191
 23i,6n,19p,725b,297s stack positions out of 5000i,500n,10000p,200000b,80000s
</usr/local/texlive/2014/texmf-dist/fonts/type1/
public/amsfonts/cm/cmbx10.pfb></usr/local/texlive/2014/texmf-dist/fonts/type1/p
ublic/amsfonts/cm/cmbx12.pfb></usr/local/texlive/2014/texmf-dist/fonts/type1/pu
blic/amsfonts/cm/cmex10.pfb></usr/local/texlive/2014/texmf-dist/fonts/type1/pub
lic/amsfonts/cm/cmmi10.pfb></usr/local/texlive/2014/texmf-dist/fonts/type1/publ
ic/amsfonts/cm/cmmi5.pfb></usr/local/texlive/2014/texmf-dist/fonts/type1/public
/amsfonts/cm/cmmi7.pfb></usr/local/texlive/2014/texmf-dist/fonts/type1/public/a
msfonts/cm/cmr10.pfb></usr/local/texlive/2014/texmf-dist/fonts/type1/public/ams
fonts/cm/cmr12.pfb></usr/local/texlive/2014/texmf-dist/fonts/type1/public/amsfo
nts/cm/cmr17.pfb></usr/local/texlive/2014/texmf-dist/fonts/type1/public/amsfont
s/cm/cmr5.pfb></usr/local/texlive/2014/texmf-dist/fonts/type1/public/amsfonts/c
m/cmr7.pfb></usr/local/texlive/2014/texmf-dist/fonts/type1/public/amsfonts/cm/c
msy10.pfb></usr/local/texlive/2014/texmf-dist/fonts/type1/public/amsfonts/cm/cm
sy5.pfb></usr/local/texlive/2014/texmf-dist/fonts/type1/public/amsfonts/cm/cmsy
7.pfb></usr/local/texlive/2014/texmf-dist/fonts/type1/public/amsfonts/cm/cmti10
.pfb></usr/local/texlive/2014/texmf-dist/fonts/type1/public/amsfonts/cm/cmtt10.
pfb>
Output written on Review.pdf (15 pages, 207045 bytes).
PDF statistics:
 117 PDF objects out of 1000 (max. 8388607)
 83 compressed objects within 1 object stream
 0 named destinations out of 1000 (max. 500000)
 1 words of extra memory for PDF output out of 10000 (max. 10000000)

